e:\workspace\code\c++\arithmeticcode\linkedlist\x64\debug\vc143.pdb
e:\workspace\code\c++\arithmeticcode\linkedlist\x64\debug\vc143.idb
e:\workspace\code\c++\arithmeticcode\linkedlist\x64\debug\listnode.obj
e:\workspace\code\c++\arithmeticcode\linkedlist\x64\debug\cyclechecker.obj
e:\workspace\code\c++\arithmeticcode\linkedlist\x64\debug\linkedlistcyclejudment.obj
e:\workspace\code\c++\arithmeticcode\linkedlist\x64\debug\nocycleintersectionchecker.obj
e:\workspace\code\c++\arithmeticcode\linkedlist\x64\debug\linkedlistinterserctionchecker.obj
e:\workspace\code\c++\arithmeticcode\linkedlist\x64\debug\cyclecheckerintersect.obj
e:\workspace\code\c++\arithmeticcode\linkedlist\x64\debug\cycleccheckerintersectjudment.obj
e:\workspace\code\c++\arithmeticcode\linkedlist\x64\debug\main.obj
e:\workspace\code\c++\arithmeticcode\linkedlist\x64\debug\linkedlist.ilk
e:\workspace\code\c++\arithmeticcode\linkedlist\x64\debug\linkedlist.obj
e:\workspace\code\c++\arithmeticcode\linkedlist\x64\debug\run.obj
e:\workspace\code\c++\arithmeticcode\linkedlist\x64\debug\cycleccheckerintersectjudment.obj.enc
e:\workspace\code\c++\arithmeticcode\linkedlist\x64\debug\linkedlist.obj.enc
e:\workspace\code\c++\arithmeticcode\x64\debug\linkedlist.pdb
e:\workspace\code\c++\arithmeticcode\x64\debug\linkedlist.exe
e:\workspace\code\c++\arithmeticcode\linkedlist\x64\debug\linkedlist.tlog\cl.command.1.tlog
e:\workspace\code\c++\arithmeticcode\linkedlist\x64\debug\linkedlist.tlog\cl.items.tlog
e:\workspace\code\c++\arithmeticcode\linkedlist\x64\debug\linkedlist.tlog\cl.read.1.tlog
e:\workspace\code\c++\arithmeticcode\linkedlist\x64\debug\linkedlist.tlog\cl.write.1.tlog
e:\workspace\code\c++\arithmeticcode\linkedlist\x64\debug\linkedlist.tlog\link.command.1.tlog
e:\workspace\code\c++\arithmeticcode\linkedlist\x64\debug\linkedlist.tlog\link.read.1.tlog
e:\workspace\code\c++\arithmeticcode\linkedlist\x64\debug\linkedlist.tlog\link.secondary.1.tlog
e:\workspace\code\c++\arithmeticcode\linkedlist\x64\debug\linkedlist.tlog\link.write.1.tlog
